<?xml version="1.0" encoding="UTF-8"?>
<testsuite xmlns:xsi="http://www.w3.org/2001/XMLSchema-instance" xsi:noNamespaceSchemaLocation="https://maven.apache.org/surefire/maven-surefire-plugin/xsd/surefire-test-report.xsd" name="com.techfios.qa.Mavem_TestNG.AppTest" time="5.496" tests="1" errors="0" skipped="0" failures="0">
  <properties>
[...]
</properties>
  <testcase name="shouldAnswerWithTrue on shouldAnswerWithTrue(com.techfios.qa.Mavem_TestNG.AppTest)" classname="com.techfios.qa.Mavem_TestNG.AppTest" time="0.005"/>
</testsuite>