<?xml version="1.0" encoding="UTF-8"?>
<testng-results ignored="0" total="1" passed="1" failed="0" skipped="0">
  <reporter-output>
  </reporter-output>
  <suite started-at="2020-02-23T23:57:00Z" name="Surefire suite" finished-at="2020-02-23T23:57:00Z" duration-ms="143">
    <groups>
    </groups>
    <test started-at="2020-02-23T23:57:00Z" name="Surefire test" finished-at="2020-02-23T23:57:00Z" duration-ms="143">
      <class name="com.techfios.qa.Mavem_TestNG.AppTest">
        <test-method signature="shouldAnswerWithTrue()" started-at="2020-02-23T18:57:00Z" name="shouldAnswerWithTrue" finished-at="2020-02-23T18:57:00Z" duration-ms="60" status="PASS">
          <reporter-output>
          </reporter-output>
        </test-method> <!-- shouldAnswerWithTrue -->
      </class> <!-- com.techfios.qa.Mavem_TestNG.AppTest -->
    </test> <!-- Surefire test -->
  </suite> <!-- Surefire suite -->
</testng-results>
