<?xml version="1.0" encoding="UTF-8"?>
<testng-results ignored="0" total="2" passed="2" failed="0" skipped="0">
  <reporter-output>
  </reporter-output>
  <suite started-at="2020-02-23T21:54:21 EST" name="Default suite" finished-at="2020-02-23T21:54:27 EST" duration-ms="5735">
    <groups>
    </groups>
    <test started-at="2020-02-23T21:54:21 EST" name="Default test" finished-at="2020-02-23T21:54:27 EST" duration-ms="5735">
      <class name="Test.SelectTestCase">
        <test-method signature="logintestfortestng()[pri:0, instance:Test.SelectTestCase@188715b5]" started-at="2020-02-23T21:54:21 EST" name="logintestfortestng" finished-at="2020-02-23T21:54:23 EST" duration-ms="2544" status="PASS">
          <reporter-output>
          </reporter-output>
        </test-method> <!-- logintestfortestng -->
        <test-method signature="selecttest()[pri:0, instance:Test.SelectTestCase@188715b5]" started-at="2020-02-23T21:54:23 EST" name="selecttest" finished-at="2020-02-23T21:54:27 EST" duration-ms="3132" status="PASS">
          <reporter-output>
          </reporter-output>
        </test-method> <!-- selecttest -->
      </class> <!-- Test.SelectTestCase -->
    </test> <!-- Default test -->
  </suite> <!-- Default suite -->
</testng-results>
